<?xml version="1.0" encoding="UTF-8"?>
<testng-results skipped="0" failed="0" total="1" passed="1">
  <reporter-output>
  </reporter-output>
  <suite name="Default suite" duration-ms="21167" started-at="2017-05-11T13:45:53Z" finished-at="2017-05-11T13:46:14Z">
    <groups>
    </groups>
    <test name="Default test" duration-ms="21167" started-at="2017-05-11T13:45:53Z" finished-at="2017-05-11T13:46:14Z">
      <class name="TestPackage.TestStore">
        <test-method status="PASS" signature="setUp(java.lang.String)[pri:0, instance:TestPackage.TestStore@f4168b8]" name="setUp" is-config="true" duration-ms="17126" started-at="2017-05-11T20:45:53Z" finished-at="2017-05-11T20:46:10Z">
          <params>
            <param index="0">
              <value>
                <![CDATA[chrome]]>
              </value>
            </param>
          </params>
          <reporter-output>
          </reporter-output>
        </test-method> <!-- setUp -->
        <test-method status="PASS" signature="TC_001_CreateNewTransaction()[pri:0, instance:TestPackage.TestStore@f4168b8]" name="TC_001_CreateNewTransaction" duration-ms="3243" started-at="2017-05-11T20:46:10Z" description="TC_001 - Create New Transaction" finished-at="2017-05-11T20:46:13Z">
          <reporter-output>
          </reporter-output>
        </test-method> <!-- TC_001_CreateNewTransaction -->
        <test-method status="PASS" signature="tearDown()[pri:0, instance:TestPackage.TestStore@f4168b8]" name="tearDown" is-config="true" duration-ms="783" started-at="2017-05-11T20:46:13Z" finished-at="2017-05-11T20:46:14Z">
          <reporter-output>
          </reporter-output>
        </test-method> <!-- tearDown -->
      </class> <!-- TestPackage.TestStore -->
    </test> <!-- Default test -->
  </suite> <!-- Default suite -->
</testng-results>
